This is e-pTeX, Version 3.141592653-p3.9.0-210218-2.6 (utf8.euc) (TeX Live 2021) (preloaded format=platex 2021.9.21)  12 FEB 2026 16:10
entering extended mode
 restricted \write18 enabled.
 file:line:error style messages enabled.
 %&-line parsing enabled.
**tech-jsample.tex
(./tech-jsample.tex
pLaTeX2e <2020-10-01>+2 (based on LaTeX2e <2020-10-01> patch level 4)
L3 programming layer <2021-02-18> (./ipsj.cls
Document Class: ipsj 2025/02/05 v4.1 IPSJ class
(/usr/local/texlive/2021/texmf-dist/tex/latex/graphics/color.sty
Package: color 2020/02/24 v1.2b Standard LaTeX Color (DPC)

(/usr/local/texlive/2021/texmf-dist/tex/latex/graphics-cfg/color.cfg
File: color.cfg 2016/01/02 v1.6 sample color configuration
)
Package color Info: Driver file: dvips.def on input line 147.

(/usr/local/texlive/2021/texmf-dist/tex/latex/graphics-def/dvips.def
File: dvips.def 2017/06/20 v3.1d Graphics/color driver for dvips
)
(/usr/local/texlive/2021/texmf-dist/tex/latex/graphics/dvipsnam.def
File: dvipsnam.def 2016/06/17 v3.0m Driver-dependent file (DPC,SPQR)
))
\c@@paper=\count178
\h=\dimen154
\JQ=\dimen155
\Q=\dimen156
\@Q=\dimen157
\ChtE=\skip47
\CdpE=\skip48
\CwdE=\skip49
\CvsE=\skip50
\normalbaselineskip=\skip51
\c@volume=\count179
\c@number=\count180
\c@month=\count181
\c@year=\count182
\author@count=\count183
\label@count=\count184
\email@count=\count185
\affiliate@count=\count186
\offsetemail=\count187
\paffiliate@count=\count188
\shubetutitlesep=\skip52
\JEhonbunsep=\skip53
\Etitleauthorsep=\skip54
\Eauthorreceivesep=\skip55
\Ereceiveabstsep=\skip56
\Eabstkeywordsep=\skip57
\Jtitlejauthorsep=\skip58
\Jauthorjreceivesep=\skip59
\Jreceivejabstsep=\skip60
\Jabstsepjkeyword=\skip61
\Jkeywordetitle=\skip62
\Jetitleeauthor=\skip63
\Jeauthorereceivesep=\skip64
\Jereceiveeabstsep=\skip65
\Jeabstekeywordsep=\skip66
\@abstractbox=\box64
\@eabstractbox=\box65
\@jkeywordbox=\box66
\@ekeywordbox=\box67
\@keywordbox=\box68
\c@part=\count189
\c@section=\count190
\c@subsection=\count191
\c@subsubsection=\count192
\c@paragraph=\count193
\c@subparagraph=\count194
\@tempboxb=\box69
\SECTwd=\box70
\section@height=\skip67
\@abovecapskip=\dimen158
\@belowcapskip=\dimen159
\c@figure=\count195
\c@table=\count196
\abovecaptionskip=\skip68
\belowcaptionskip=\skip69
\@tempboxb=\box71
\capwidth=\dimen160
\ecapwidth=\dimen161
\bibindent=\dimen162
\c@profile=\count197
\mathindent=\dimen163
\@dummyfigbox=\box72
\twocolcapwidth=\dimen164
\twocolecapwidth=\dimen165
\@compare@result=\count198

(./ipsjtech.sty
Document Class: ipsj 2012/06/01 v3.00 IPSJTECH.STY
)) (/usr/local/texlive/2021/texmf-dist/tex/latex/graphics/graphicx.sty
Package: graphicx 2020/09/09 v1.2b Enhanced LaTeX Graphics (DPC,SPQR)

(/usr/local/texlive/2021/texmf-dist/tex/latex/graphics/keyval.sty
Package: keyval 2014/10/28 v1.15 key=value parser (DPC)
\KV@toks@=\toks16
)
(/usr/local/texlive/2021/texmf-dist/tex/latex/graphics/graphics.sty
Package: graphics 2020/08/30 v1.4c Standard LaTeX Graphics (DPC,SPQR)

(/usr/local/texlive/2021/texmf-dist/tex/latex/graphics/trig.sty
Package: trig 2016/01/03 v1.10 sin cos tan (DPC)
)
(/usr/local/texlive/2021/texmf-dist/tex/latex/graphics-cfg/graphics.cfg
File: graphics.cfg 2016/06/04 v1.11 sample graphics configuration
)
Package graphics Info: Driver file: dvips.def on input line 105.
)
\Gin@req@height=\dimen166
\Gin@req@width=\dimen167
)
(/usr/local/texlive/2021/texmf-dist/tex/latex/base/latexsym.sty
Package: latexsym 1998/08/17 v2.2e Standard LaTeX package (lasy symbols)
\symlasy=\mathgroup4
LaTeX Font Info:    Overwriting symbol font `lasy' in version `bold'
(Font)                  U/lasy/m/n --> U/lasy/b/n on input line 52.
)
(/usr/local/texlive/2021/texmf-dist/tex/latex/l3backend/l3backend-dvips.def
File: l3backend-dvips.def 2021-03-18 L3 backend support: dvips
\l__pdf_internal_box=\box73
\g__pdf_backend_object_int=\count199
\l__pdf_backend_content_box=\box74
\l__pdf_backend_model_box=\box75
\g__pdf_backend_annotation_int=\count266
\g__pdf_backend_link_int=\count267
\g__pdf_backend_link_sf_int=\count268
)
(./tech-jsample.aux)
\openout1 = `tech-jsample.aux'.

LaTeX Font Info:    Checking defaults for OML/cmm/m/it on input line 27.
LaTeX Font Info:    ... okay on input line 27.
LaTeX Font Info:    Checking defaults for OMS/cmsy/m/n on input line 27.
LaTeX Font Info:    ... okay on input line 27.
LaTeX Font Info:    Checking defaults for OT1/cmr/m/n on input line 27.
LaTeX Font Info:    ... okay on input line 27.
LaTeX Font Info:    Checking defaults for T1/cmr/m/n on input line 27.
LaTeX Font Info:    ... okay on input line 27.
LaTeX Font Info:    Checking defaults for TS1/cmr/m/n on input line 27.
LaTeX Font Info:    ... okay on input line 27.
LaTeX Font Info:    Checking defaults for OMX/cmex/m/n on input line 27.
LaTeX Font Info:    ... okay on input line 27.
LaTeX Font Info:    Checking defaults for U/cmr/m/n on input line 27.
LaTeX Font Info:    ... okay on input line 27.
LaTeX Font Info:    Checking defaults for JY1/mc/m/n on input line 27.
LaTeX Font Info:    ... okay on input line 27.
LaTeX Font Info:    Checking defaults for JT1/mc/m/n on input line 27.
LaTeX Font Info:    ... okay on input line 27.
LaTeX Font Info:    Font shape `JT1/mc/bx/n' in size <8.8711> not available
(Font)              Font shape `JT1/gt/m/n' tried instead on input line 46.
LaTeX Font Info:    Font shape `JY1/mc/bx/n' in size <8.8711> not available
(Font)              Font shape `JY1/gt/m/n' tried instead on input line 46.
LaTeX Font Info:    Calculating math sizes for size <8.8711> on input line 48.
LaTeX Font Info:    Font shape `JT1/gt/bx/n' in size <19.2207> not available
(Font)              Font shape `JT1/gt/m/n' tried instead on input line 73.
LaTeX Font Info:    Font shape `JY1/gt/bx/n' in size <19.2207> not available
(Font)              Font shape `JY1/gt/m/n' tried instead on input line 73.
LaTeX Font Info:    Calculating math sizes for size <9.61035> on input line 73.

LaTeX Font Info:    Calculating math sizes for size <11.82813> on input line 73
.
LaTeX Font Info:    Calculating math sizes for size <8.27965> on input line 73.

LaTeX Font Info:    Font shape `JT1/mc/bx/n' in size <14.22882> not available
(Font)              Font shape `JT1/gt/m/n' tried instead on input line 73.
LaTeX Font Info:    Font shape `JY1/mc/bx/n' in size <14.22882> not available
(Font)              Font shape `JY1/gt/m/n' tried instead on input line 73.
LaTeX Font Info:    Calculating math sizes for size <8.13184> on input line 73.

LaTeX Font Info:    Calculating math sizes for size <5.69225> on input line 73.

LaTeX Font Info:    Font shape `JT1/mc/bx/n' in size <11.82813> not available
(Font)              Font shape `JT1/gt/m/n' tried instead on input line 76.
LaTeX Font Info:    Font shape `JY1/mc/bx/n' in size <11.82813> not available
(Font)              Font shape `JY1/gt/m/n' tried instead on input line 76.
LaTeX Font Info:    Font shape `JT1/mc/bx/n' in size <9.61035> not available
(Font)              Font shape `JT1/gt/m/n' tried instead on input line 95.
LaTeX Font Info:    Font shape `JY1/mc/bx/n' in size <9.61035> not available
(Font)              Font shape `JY1/gt/m/n' tried instead on input line 95.
 (I search kanjifont definition file: . . )
(I search font definition file: . . . . . . . )
LaTeX Font Info:    Trying to load font information for OMS+txsy on input line 
158.

(/usr/local/texlive/2021/texmf-dist/tex/latex/txfonts/omstxsy.fd
File: omstxsy.fd 2000/12/15 v3.1
)
LaTeX Font Info:    Trying to load font information for OT1+ptm on input line 1
58.

(/usr/local/texlive/2021/texmf-dist/tex/latex/psnfss/ot1ptm.fd
File: ot1ptm.fd 2001/06/04 font definitions for OT1/ptm.
) [1


] [2]
LaTeX Font Info:    Font shape `JT1/mc/bx/n' in size <8.13184> not available
(Font)              Font shape `JT1/gt/m/n' tried instead on input line 399.
LaTeX Font Info:    Font shape `JY1/mc/bx/n' in size <8.13184> not available
(Font)              Font shape `JY1/gt/m/n' tried instead on input line 399.
LaTeX Font Info:    Font shape `JY1/mc/m/n' will be
(Font)              scaled to size 9.60999pt on input line 462.

[3] [4] [5]
LaTeX Font Info:    Font shape `JT1/mc/m/it' in size <8.8711> not available
(Font)              Font shape `JT1/mc/m/n' tried instead on input line 743.
LaTeX Font Info:    Font shape `JY1/mc/m/it' in size <8.8711> not available
(Font)              Font shape `JY1/mc/m/n' tried instead on input line 743.
 [6

] (./tech-jsample.aux) ) 
Here is how much of TeX's memory you used:
 1872 strings out of 479466
 27933 string characters out of 5870548
 333747 words of memory out of 5000000
 19577 multiletter control sequences out of 15000+600000
 439277 words of font info for 190 fonts, out of 8000000 for 9000
 929 hyphenation exceptions out of 8191
 68i,11n,74p,244b,451s stack positions out of 5000i,500n,10000p,200000b,80000s

Output written on tech-jsample.dvi (6 pages, 41384 bytes).
